<?xml version="1.0" encoding="UTF-8"?>
<testsuite name="com.ProjectGroup.Practice.MakeBoardApplicationTests" tests="1" skipped="0" failures="0" errors="0" timestamp="2022-05-15T13:08:09" hostname="DESKTOP-71L0EQF" time="0.653">
  <properties/>
  <testcase name="contextLoads()" classname="com.ProjectGroup.Practice.MakeBoardApplicationTests" time="0.653"/>
  <system-out><![CDATA[22:08:05.250 [Test worker] DEBUG org.springframework.test.context.BootstrapUtils - Instantiating CacheAwareContextLoaderDelegate from class [org.springframework.test.context.cache.DefaultCacheAwareContextLoaderDelegate]
22:08:05.267 [Test worker] DEBUG org.springframework.test.context.BootstrapUtils - Instantiating BootstrapContext using constructor [public org.springframework.test.context.support.DefaultBootstrapContext(java.lang.Class,org.springframework.test.context.CacheAwareContextLoaderDelegate)]
22:08:05.324 [Test worker] DEBUG org.springframework.test.context.BootstrapUtils - Instantiating TestContextBootstrapper for test class [com.ProjectGroup.Practice.MakeBoardApplicationTests] from class [org.springframework.boot.test.context.SpringBootTestContextBootstrapper]
22:08:05.342 [Test worker] INFO org.springframework.boot.test.context.SpringBootTestContextBootstrapper - Neither @ContextConfiguration nor @ContextHierarchy found for test class [com.ProjectGroup.Practice.MakeBoardApplicationTests], using SpringBootContextLoader
22:08:05.348 [Test worker] DEBUG org.springframework.test.context.support.AbstractContextLoader - Did not detect default resource location for test class [com.ProjectGroup.Practice.MakeBoardApplicationTests]: class path resource [com/ProjectGroup/Practice/MakeBoardApplicationTests-context.xml] does not exist
22:08:05.349 [Test worker] DEBUG org.springframework.test.context.support.AbstractContextLoader - Did not detect default resource location for test class [com.ProjectGroup.Practice.MakeBoardApplicationTests]: class path resource [com/ProjectGroup/Practice/MakeBoardApplicationTestsContext.groovy] does not exist
22:08:05.350 [Test worker] INFO org.springframework.test.context.support.AbstractContextLoader - Could not detect default resource locations for test class [com.ProjectGroup.Practice.MakeBoardApplicationTests]: no resource found for suffixes {-context.xml, Context.groovy}.
22:08:05.351 [Test worker] INFO org.springframework.test.context.support.AnnotationConfigContextLoaderUtils - Could not detect default configuration classes for test class [com.ProjectGroup.Practice.MakeBoardApplicationTests]: MakeBoardApplicationTests does not declare any static, non-private, non-final, nested classes annotated with @Configuration.
22:08:05.413 [Test worker] DEBUG org.springframework.test.context.support.ActiveProfilesUtils - Could not find an 'annotation declaring class' for annotation type [org.springframework.test.context.ActiveProfiles] and class [com.ProjectGroup.Practice.MakeBoardApplicationTests]
22:08:05.497 [Test worker] DEBUG org.springframework.context.annotation.ClassPathScanningCandidateComponentProvider - Identified candidate component class: file [C:\Users\koobs\IdeaProjects\Study\newBoardPrac\build\classes\java\main\com\ProjectGroup\Practice\MakeBoardApplication.class]
22:08:05.499 [Test worker] INFO org.springframework.boot.test.context.SpringBootTestContextBootstrapper - Found @SpringBootConfiguration com.ProjectGroup.Practice.MakeBoardApplication for test class com.ProjectGroup.Practice.MakeBoardApplicationTests
22:08:05.636 [Test worker] DEBUG org.springframework.boot.test.context.SpringBootTestContextBootstrapper - @TestExecutionListeners is not present for class [com.ProjectGroup.Practice.MakeBoardApplicationTests]: using defaults.
22:08:05.637 [Test worker] INFO org.springframework.boot.test.context.SpringBootTestContextBootstrapper - Loaded default TestExecutionListener class names from location [META-INF/spring.factories]: [org.springframework.boot.test.autoconfigure.restdocs.RestDocsTestExecutionListener, org.springframework.boot.test.autoconfigure.web.client.MockRestServiceServerResetTestExecutionListener, org.springframework.boot.test.autoconfigure.web.servlet.MockMvcPrintOnlyOnFailureTestExecutionListener, org.springframework.boot.test.autoconfigure.web.servlet.WebDriverTestExecutionListener, org.springframework.boot.test.autoconfigure.webservices.client.MockWebServiceServerTestExecutionListener, org.springframework.boot.test.mock.mockito.MockitoTestExecutionListener, org.springframework.boot.test.mock.mockito.ResetMocksTestExecutionListener, org.springframework.test.context.web.ServletTestExecutionListener, org.springframework.test.context.support.DirtiesContextBeforeModesTestExecutionListener, org.springframework.test.context.event.ApplicationEventsTestExecutionListener, org.springframework.test.context.support.DependencyInjectionTestExecutionListener, org.springframework.test.context.support.DirtiesContextTestExecutionListener, org.springframework.test.context.transaction.TransactionalTestExecutionListener, org.springframework.test.context.jdbc.SqlScriptsTestExecutionListener, org.springframework.test.context.event.EventPublishingTestExecutionListener]
22:08:05.652 [Test worker] DEBUG org.springframework.boot.test.context.SpringBootTestContextBootstrapper - Skipping candidate TestExecutionListener [org.springframework.test.context.transaction.TransactionalTestExecutionListener] due to a missing dependency. Specify custom listener classes or make the default listener classes and their required dependencies available. Offending class: [org/springframework/transaction/interceptor/TransactionAttributeSource]
22:08:05.653 [Test worker] DEBUG org.springframework.boot.test.context.SpringBootTestContextBootstrapper - Skipping candidate TestExecutionListener [org.springframework.test.context.jdbc.SqlScriptsTestExecutionListener] due to a missing dependency. Specify custom listener classes or make the default listener classes and their required dependencies available. Offending class: [org/springframework/transaction/interceptor/TransactionAttribute]
22:08:05.653 [Test worker] INFO org.springframework.boot.test.context.SpringBootTestContextBootstrapper - Using TestExecutionListeners: [org.springframework.test.context.web.ServletTestExecutionListener@52c8295b, org.springframework.test.context.support.DirtiesContextBeforeModesTestExecutionListener@251f7d26, org.springframework.test.context.event.ApplicationEventsTestExecutionListener@77b21474, org.springframework.boot.test.mock.mockito.MockitoTestExecutionListener@52d10fb8, org.springframework.boot.test.autoconfigure.SpringBootDependencyInjectionTestExecutionListener@41c07648, org.springframework.test.context.support.DirtiesContextTestExecutionListener@1fe8d51b, org.springframework.test.context.event.EventPublishingTestExecutionListener@781e7326, org.springframework.boot.test.autoconfigure.restdocs.RestDocsTestExecutionListener@22680f52, org.springframework.boot.test.autoconfigure.web.client.MockRestServiceServerResetTestExecutionListener@60d84f61, org.springframework.boot.test.autoconfigure.web.servlet.MockMvcPrintOnlyOnFailureTestExecutionListener@39c11e6c, org.springframework.boot.test.autoconfigure.web.servlet.WebDriverTestExecutionListener@324dcd31, org.springframework.boot.test.autoconfigure.webservices.client.MockWebServiceServerTestExecutionListener@503d56b5, org.springframework.boot.test.mock.mockito.ResetMocksTestExecutionListener@72bca894]
22:08:05.659 [Test worker] DEBUG org.springframework.test.context.support.AbstractDirtiesContextTestExecutionListener - Before test class: context [DefaultTestContext@238b521e testClass = MakeBoardApplicationTests, testInstance = [null], testMethod = [null], testException = [null], mergedContextConfiguration = [WebMergedContextConfiguration@1b39fd82 testClass = MakeBoardApplicationTests, locations = '{}', classes = '{class com.ProjectGroup.Practice.MakeBoardApplication}', contextInitializerClasses = '[]', activeProfiles = '{}', propertySourceLocations = '{}', propertySourceProperties = '{org.springframework.boot.test.context.SpringBootTestContextBootstrapper=true}', contextCustomizers = set[org.springframework.boot.test.autoconfigure.actuate.metrics.MetricsExportContextCustomizerFactory$DisableMetricExportContextCustomizer@4b20ca2b, org.springframework.boot.test.autoconfigure.properties.PropertyMappingContextCustomizer@0, org.springframework.boot.test.autoconfigure.web.servlet.WebDriverContextCustomizerFactory$Customizer@58c34bb3, org.springframework.boot.test.context.filter.ExcludeFilterContextCustomizer@1698fc68, org.springframework.boot.test.json.DuplicateJsonObjectContextCustomizerFactory$DuplicateJsonObjectContextCustomizer@65b3a85a, org.springframework.boot.test.mock.mockito.MockitoContextCustomizer@0, org.springframework.boot.test.web.client.TestRestTemplateContextCustomizer@15cafec7, org.springframework.boot.test.web.reactive.server.WebTestClientContextCustomizer@1f2f9244, org.springframework.boot.test.context.SpringBootTestArgs@1, org.springframework.boot.test.context.SpringBootTestWebEnvironment@c667f46], resourceBasePath = 'src/main/webapp', contextLoader = 'org.springframework.boot.test.context.SpringBootContextLoader', parent = [null]], attributes = map['org.springframework.test.context.web.ServletTestExecutionListener.activateListener' -> true]], class annotated with @DirtiesContext [false] with mode [null].

  .   ____          _            __ _ _
 /\\ / ___'_ __ _ _(_)_ __  __ _ \ \ \ \
( ( )\___ | '_ | '_| | '_ \/ _` | \ \ \ \
 \\/  ___)| |_)| | | | | || (_| |  ) ) ) )
  '  |____| .__|_| |_|_| |_\__, | / / / /
 =========|_|==============|___/=/_/_/_/
 :: Spring Boot ::                (v2.6.6)

2022-05-15 22:08:06.100  INFO 2040 --- [    Test worker] c.P.Practice.MakeBoardApplicationTests   : Starting MakeBoardApplicationTests using Java 11.0.14 on DESKTOP-71L0EQF with PID 2040 (started by koobs in C:\Users\koobs\IdeaProjects\Study\newBoardPrac)
2022-05-15 22:08:06.102  INFO 2040 --- [    Test worker] c.P.Practice.MakeBoardApplicationTests   : No active profile set, falling back to 1 default profile: "default"
2022-05-15 22:08:09.113  INFO 2040 --- [    Test worker] c.P.Practice.MakeBoardApplicationTests   : Started MakeBoardApplicationTests in 3.398 seconds (JVM running for 6.054)
]]></system-out>
  <system-err><![CDATA[]]></system-err>
</testsuite>
