<?xml version="1.0" encoding="UTF-8"?>
<testsuite name="com.ProjectGroup.Practice.MakeBoardApplicationTest" tests="1" skipped="0" failures="0" errors="0" timestamp="2022-07-02T08:38:14" hostname="DESKTOP-71L0EQF" time="1.211">
  <properties/>
  <testcase name="contextLoads()" classname="com.ProjectGroup.Practice.MakeBoardApplicationTest" time="1.211"/>
  <system-out><![CDATA[17:38:08.075 [Test worker] DEBUG org.springframework.test.context.BootstrapUtils - Instantiating CacheAwareContextLoaderDelegate from class [org.springframework.test.context.cache.DefaultCacheAwareContextLoaderDelegate]
17:38:08.095 [Test worker] DEBUG org.springframework.test.context.BootstrapUtils - Instantiating BootstrapContext using constructor [public org.springframework.test.context.support.DefaultBootstrapContext(java.lang.Class,org.springframework.test.context.CacheAwareContextLoaderDelegate)]
17:38:08.155 [Test worker] DEBUG org.springframework.test.context.BootstrapUtils - Instantiating TestContextBootstrapper for test class [com.ProjectGroup.Practice.MakeBoardApplicationTest] from class [org.springframework.boot.test.context.SpringBootTestContextBootstrapper]
17:38:08.179 [Test worker] INFO org.springframework.boot.test.context.SpringBootTestContextBootstrapper - Neither @ContextConfiguration nor @ContextHierarchy found for test class [com.ProjectGroup.Practice.MakeBoardApplicationTest], using SpringBootContextLoader
17:38:08.190 [Test worker] DEBUG org.springframework.test.context.support.AbstractContextLoader - Did not detect default resource location for test class [com.ProjectGroup.Practice.MakeBoardApplicationTest]: class path resource [com/ProjectGroup/Practice/MakeBoardApplicationTest-context.xml] does not exist
17:38:08.192 [Test worker] DEBUG org.springframework.test.context.support.AbstractContextLoader - Did not detect default resource location for test class [com.ProjectGroup.Practice.MakeBoardApplicationTest]: class path resource [com/ProjectGroup/Practice/MakeBoardApplicationTestContext.groovy] does not exist
17:38:08.192 [Test worker] INFO org.springframework.test.context.support.AbstractContextLoader - Could not detect default resource locations for test class [com.ProjectGroup.Practice.MakeBoardApplicationTest]: no resource found for suffixes {-context.xml, Context.groovy}.
17:38:08.194 [Test worker] INFO org.springframework.test.context.support.AnnotationConfigContextLoaderUtils - Could not detect default configuration classes for test class [com.ProjectGroup.Practice.MakeBoardApplicationTest]: MakeBoardApplicationTest does not declare any static, non-private, non-final, nested classes annotated with @Configuration.
17:38:08.269 [Test worker] DEBUG org.springframework.test.context.support.ActiveProfilesUtils - Could not find an 'annotation declaring class' for annotation type [org.springframework.test.context.ActiveProfiles] and class [com.ProjectGroup.Practice.MakeBoardApplicationTest]
17:38:08.369 [Test worker] DEBUG org.springframework.context.annotation.ClassPathScanningCandidateComponentProvider - Identified candidate component class: file [C:\Users\koobs\IdeaProjects\Study\newBoardPrac\build\classes\java\main\com\ProjectGroup\Practice\MakeBoardApplication.class]
17:38:08.370 [Test worker] INFO org.springframework.boot.test.context.SpringBootTestContextBootstrapper - Found @SpringBootConfiguration com.ProjectGroup.Practice.MakeBoardApplication for test class com.ProjectGroup.Practice.MakeBoardApplicationTest
17:38:08.548 [Test worker] DEBUG org.springframework.boot.test.context.SpringBootTestContextBootstrapper - @TestExecutionListeners is not present for class [com.ProjectGroup.Practice.MakeBoardApplicationTest]: using defaults.
17:38:08.549 [Test worker] INFO org.springframework.boot.test.context.SpringBootTestContextBootstrapper - Loaded default TestExecutionListener class names from location [META-INF/spring.factories]: [org.springframework.boot.test.autoconfigure.restdocs.RestDocsTestExecutionListener, org.springframework.boot.test.autoconfigure.web.client.MockRestServiceServerResetTestExecutionListener, org.springframework.boot.test.autoconfigure.web.servlet.MockMvcPrintOnlyOnFailureTestExecutionListener, org.springframework.boot.test.autoconfigure.web.servlet.WebDriverTestExecutionListener, org.springframework.boot.test.autoconfigure.webservices.client.MockWebServiceServerTestExecutionListener, org.springframework.boot.test.mock.mockito.MockitoTestExecutionListener, org.springframework.boot.test.mock.mockito.ResetMocksTestExecutionListener, org.springframework.test.context.web.ServletTestExecutionListener, org.springframework.test.context.support.DirtiesContextBeforeModesTestExecutionListener, org.springframework.test.context.event.ApplicationEventsTestExecutionListener, org.springframework.test.context.support.DependencyInjectionTestExecutionListener, org.springframework.test.context.support.DirtiesContextTestExecutionListener, org.springframework.test.context.transaction.TransactionalTestExecutionListener, org.springframework.test.context.jdbc.SqlScriptsTestExecutionListener, org.springframework.test.context.event.EventPublishingTestExecutionListener]
17:38:08.574 [Test worker] INFO org.springframework.boot.test.context.SpringBootTestContextBootstrapper - Using TestExecutionListeners: [org.springframework.test.context.web.ServletTestExecutionListener@6f6a7463, org.springframework.test.context.support.DirtiesContextBeforeModesTestExecutionListener@1bdaa23d, org.springframework.test.context.event.ApplicationEventsTestExecutionListener@79f227a9, org.springframework.boot.test.mock.mockito.MockitoTestExecutionListener@6ca320ab, org.springframework.boot.test.autoconfigure.SpringBootDependencyInjectionTestExecutionListener@50d68830, org.springframework.test.context.support.DirtiesContextTestExecutionListener@1e53135d, org.springframework.test.context.transaction.TransactionalTestExecutionListener@7674a051, org.springframework.test.context.jdbc.SqlScriptsTestExecutionListener@3a7704c, org.springframework.test.context.event.EventPublishingTestExecutionListener@6754ef00, org.springframework.boot.test.autoconfigure.restdocs.RestDocsTestExecutionListener@619bd14c, org.springframework.boot.test.autoconfigure.web.client.MockRestServiceServerResetTestExecutionListener@323e8306, org.springframework.boot.test.autoconfigure.web.servlet.MockMvcPrintOnlyOnFailureTestExecutionListener@a23a01d, org.springframework.boot.test.autoconfigure.web.servlet.WebDriverTestExecutionListener@4acf72b6, org.springframework.boot.test.autoconfigure.webservices.client.MockWebServiceServerTestExecutionListener@7561db12, org.springframework.boot.test.mock.mockito.ResetMocksTestExecutionListener@3301500b]
17:38:08.581 [Test worker] DEBUG org.springframework.test.context.support.AbstractDirtiesContextTestExecutionListener - Before test class: context [DefaultTestContext@4b770e40 testClass = MakeBoardApplicationTest, testInstance = [null], testMethod = [null], testException = [null], mergedContextConfiguration = [WebMergedContextConfiguration@78e16155 testClass = MakeBoardApplicationTest, locations = '{}', classes = '{class com.ProjectGroup.Practice.MakeBoardApplication}', contextInitializerClasses = '[]', activeProfiles = '{}', propertySourceLocations = '{}', propertySourceProperties = '{org.springframework.boot.test.context.SpringBootTestContextBootstrapper=true}', contextCustomizers = set[org.springframework.boot.test.autoconfigure.actuate.metrics.MetricsExportContextCustomizerFactory$DisableMetricExportContextCustomizer@18230356, org.springframework.boot.test.autoconfigure.properties.PropertyMappingContextCustomizer@0, org.springframework.boot.test.autoconfigure.web.servlet.WebDriverContextCustomizerFactory$Customizer@12bcd0c0, org.springframework.boot.test.context.filter.ExcludeFilterContextCustomizer@4678a2eb, org.springframework.boot.test.json.DuplicateJsonObjectContextCustomizerFactory$DuplicateJsonObjectContextCustomizer@58ebfd03, org.springframework.boot.test.mock.mockito.MockitoContextCustomizer@0, org.springframework.boot.test.web.client.TestRestTemplateContextCustomizer@27953a83, org.springframework.boot.test.web.reactive.server.WebTestClientContextCustomizer@efde75f, org.springframework.boot.test.context.SpringBootTestArgs@1, org.springframework.boot.test.context.SpringBootTestWebEnvironment@19b89d4], resourceBasePath = 'src/main/webapp', contextLoader = 'org.springframework.boot.test.context.SpringBootContextLoader', parent = [null]], attributes = map['org.springframework.test.context.web.ServletTestExecutionListener.activateListener' -> true]], class annotated with @DirtiesContext [false] with mode [null].

  .   ____          _            __ _ _
 /\\ / ___'_ __ _ _(_)_ __  __ _ \ \ \ \
( ( )\___ | '_ | '_| | '_ \/ _` | \ \ \ \
 \\/  ___)| |_)| | | | | || (_| |  ) ) ) )
  '  |____| .__|_| |_|_| |_\__, | / / / /
 =========|_|==============|___/=/_/_/_/
 :: Spring Boot ::                (v2.6.6)

2022-07-02 17:38:09.177  INFO 2324 --- [    Test worker] c.P.Practice.MakeBoardApplicationTest    : Starting MakeBoardApplicationTest using Java 11.0.14 on DESKTOP-71L0EQF with PID 2324 (started by koobs in C:\Users\koobs\IdeaProjects\Study\newBoardPrac)
2022-07-02 17:38:09.179  INFO 2324 --- [    Test worker] c.P.Practice.MakeBoardApplicationTest    : No active profile set, falling back to 1 default profile: "default"
2022-07-02 17:38:10.495  INFO 2324 --- [    Test worker] .s.d.r.c.RepositoryConfigurationDelegate : Bootstrapping Spring Data MongoDB repositories in DEFAULT mode.
2022-07-02 17:38:10.864  INFO 2324 --- [    Test worker] .s.d.r.c.RepositoryConfigurationDelegate : Finished Spring Data repository scanning in 355 ms. Found 3 MongoDB repository interfaces.
2022-07-02 17:38:11.654  INFO 2324 --- [    Test worker] org.mongodb.driver.cluster               : Cluster created with settings {hosts=[localhost:27017], mode=SINGLE, requiredClusterType=UNKNOWN, serverSelectionTimeout='30000 ms'}
2022-07-02 17:38:11.783  INFO 2324 --- [localhost:27017] org.mongodb.driver.connection            : Opened connection [connectionId{localValue:2, serverValue:9}] to localhost:27017
2022-07-02 17:38:11.783  INFO 2324 --- [localhost:27017] org.mongodb.driver.connection            : Opened connection [connectionId{localValue:1, serverValue:10}] to localhost:27017
2022-07-02 17:38:11.785  INFO 2324 --- [localhost:27017] org.mongodb.driver.cluster               : Monitor thread successfully connected to server with description ServerDescription{address=localhost:27017, type=STANDALONE, state=CONNECTED, ok=true, minWireVersion=0, maxWireVersion=13, maxDocumentSize=16777216, logicalSessionTimeoutMinutes=30, roundTripTimeNanos=40662600}
2022-07-02 17:38:14.711  INFO 2324 --- [    Test worker] c.P.Practice.MakeBoardApplicationTest    : Started MakeBoardApplicationTest in 6.066 seconds (JVM running for 9.262)
2022-07-02 17:38:15.674  INFO 2324 --- [    Test worker] org.mongodb.driver.connection            : Opened connection [connectionId{localValue:3, serverValue:11}] to localhost:27017
[findById 테스트]
[Member(id=5, userid=koobs97, password=1234, name=구구구, pasdate=2022-06-23T23:10:00.507)]
[findByName 테스트]
[Member(id=1, userid=koobs97, password=1234, name=구구구, pasdate=2022-06-23T22:27:52.164), Member(id=2, userid=koobs97, password=1234, name=구구구, pasdate=2022-06-23T22:39:18.044), Member(id=3, userid=koobs97, password=1234, name=구구구, pasdate=2022-06-23T22:39:37.012), Member(id=4, userid=koobs97, password=1234, name=구구구, pasdate=2022-06-23T23:09:24.926), Member(id=5, userid=koobs97, password=1234, name=구구구, pasdate=2022-06-23T23:10:00.507), Member(id=6, userid=koobs97, password=1234, name=구구구, pasdate=2022-06-23T23:18:57.351), Member(id=7, userid=koobs97, password=1234, name=구구구, pasdate=2022-06-23T23:19:33.988), Member(id=8, userid=koobs97, password=1234, name=구구구, pasdate=2022-06-23T23:24:12.122), Member(id=9, userid=koobs97, password=1234, name=구구구, pasdate=2022-06-23T23:24:42.415), Member(id=10, userid=koobs97, password=1234, name=구구구, pasdate=2022-06-23T23:25:39.591), Member(id=11, userid=koobs97, password=1234, name=구구구, pasdate=2022-06-23T23:26:03.690), Member(id=12, userid=koobs97, password=1234, name=구구구, pasdate=2022-06-23T23:26:32.640), Member(id=13, userid=koobs97, password=1234, name=구구구, pasdate=2022-06-23T23:28:36.073), Member(id=14, userid=koobs97, password=1234, name=구구구, pasdate=2022-06-23T23:30:17.764), Member(id=15, userid=koobs97, password=1234, name=구구구, pasdate=2022-06-23T23:30:43.343), Member(id=16, userid=koobs97, password=1234, name=구구구, pasdate=2022-06-23T23:31:54.832), Member(id=17, userid=koobs97, password=1234, name=구구구, pasdate=2022-06-23T23:33:15.508), Member(id=18, userid=koobs97, password=1234, name=구구구, pasdate=2022-06-23T23:37:13.747), Member(id=19, userid=koobs97, password=1234, name=구구구, pasdate=2022-06-23T23:38:02.276), Member(id=20, userid=koobs97, password=1234, name=구구구, pasdate=2022-06-23T23:39:53.261), Member(id=21, userid=koobs97, password=1234, name=구구구, pasdate=2022-07-02T17:36:07.257)]
[생성 완료]
Member(id=22, userid=koobs97, password=1234, name=구구구, pasdate=2022-07-02T17:38:15.717385)
]]></system-out>
  <system-err><![CDATA[]]></system-err>
</testsuite>
